0 verbose cli /usr/local/nvm/versions/node/v20.10.0/bin/node /usr/local/nvm/versions/node/v20.10.0/bin/npm
1 info using npm@10.2.4
2 info using node@v20.10.0
3 timing npm:load:whichnode Completed in 20ms
4 timing config:load:defaults Completed in 3ms
5 timing config:load:file:/usr/local/nvm/versions/node/v20.10.0/lib/node_modules/npm/npmrc Completed in 0ms
6 timing config:load:builtin Completed in 0ms
7 timing config:load:cli Completed in 4ms
8 timing config:load:env Completed in 0ms
9 timing config:load:file:/home/itsupport/brain_training_app/.npmrc Completed in 0ms
10 timing config:load:project Completed in 2ms
11 timing config:load:file:/home/itsupport/.npmrc Completed in 0ms
12 timing config:load:user Completed in 0ms
13 timing config:load:file:/usr/local/nvm/versions/node/v20.10.0/etc/npmrc Completed in 0ms
14 timing config:load:global Completed in 0ms
15 timing config:load:setEnvs Completed in 1ms
16 timing config:load Completed in 13ms
17 timing npm:load:configload Completed in 13ms
18 timing config:load:flatten Completed in 4ms
19 timing npm:load:mkdirpcache Completed in 1ms
20 timing npm:load:mkdirplogs Completed in 0ms
21 verbose title npm install @react-navigation/native @react-navigation/stack react-native-gesture-handler react-native-reanimated react-native-screens react-native-safe-area-context react-native-community/masked-view
22 verbose argv "install" "@react-navigation/native" "@react-navigation/stack" "react-native-gesture-handler" "react-native-reanimated" "react-native-screens" "react-native-safe-area-context" "react-native-community/masked-view"
23 timing npm:load:setTitle Completed in 2ms
24 timing npm:load:display Completed in 1ms
25 verbose logfile logs-max:10 dir:/home/itsupport/.npm/_logs/2024-10-23T00_02_24_271Z-
26 verbose logfile /home/itsupport/.npm/_logs/2024-10-23T00_02_24_271Z-debug-0.log
27 timing npm:load:logFile Completed in 12ms
28 timing npm:load:timers Completed in 0ms
29 timing npm:load:configScope Completed in 0ms
30 timing npm:load Completed in 76ms
31 timing config:load:flatten Completed in 1ms
32 timing arborist:ctor Completed in 1ms
33 silly logfile done cleaning log files
34 timing arborist:ctor Completed in 0ms
35 timing idealTree:init Completed in 17ms
36 timing idealTree Completed in 1086ms
37 timing command:install Completed in 1108ms
38 verbose stack Error: An unknown git error occurred
38 verbose stack     at makeError (/usr/local/nvm/versions/node/v20.10.0/lib/node_modules/npm/node_modules/@npmcli/git/lib/make-error.js:28:13)
38 verbose stack     at /usr/local/nvm/versions/node/v20.10.0/lib/node_modules/npm/node_modules/@npmcli/git/lib/spawn.js:37:26
38 verbose stack     at process.processTicksAndRejections (node:internal/process/task_queues:95:5)
39 verbose cwd /home/itsupport/brain_training_app
40 verbose Linux 6.1.100+
41 verbose node v20.10.0
42 verbose npm  v10.2.4
43 error code 128
44 error An unknown git error occurred
45 error command git --no-replace-objects ls-remote ssh://git@github.com/react-native-community/masked-view.git
46 error Warning: Permanently added 'github.com,140.82.121.4' (ECDSA) to the list of known hosts.
46 error git@github.com: Permission denied (publickey).
46 error fatal: Could not read from remote repository.
46 error
46 error Please make sure you have the correct access rights
46 error and the repository exists.
47 verbose exit 128
48 timing npm Completed in 1414ms
49 verbose unfinished npm timer reify 1729641744570
50 verbose unfinished npm timer reify:loadTrees 1729641744584
51 verbose unfinished npm timer idealTree:userRequests 1729641744603
52 verbose code 128
53 error A complete log of this run can be found in: /home/itsupport/.npm/_logs/2024-10-23T00_02_24_271Z-debug-0.log
