0 verbose cli /usr/local/nvm/versions/node/v20.10.0/bin/node /usr/local/nvm/versions/node/v20.10.0/bin/npm
1 info using npm@10.2.4
2 info using node@v20.10.0
3 timing npm:load:whichnode Completed in 23ms
4 timing config:load:defaults Completed in 2ms
5 timing config:load:file:/usr/local/nvm/versions/node/v20.10.0/lib/node_modules/npm/npmrc Completed in 1ms
6 timing config:load:builtin Completed in 1ms
7 timing config:load:cli Completed in 5ms
8 timing config:load:env Completed in 0ms
9 timing config:load:project Completed in 1ms
10 timing config:load:file:/home/itsupport/.npmrc Completed in 0ms
11 timing config:load:user Completed in 0ms
12 timing config:load:file:/usr/local/nvm/versions/node/v20.10.0/etc/npmrc Completed in 0ms
13 timing config:load:global Completed in 0ms
14 timing config:load:setEnvs Completed in 2ms
15 timing config:load Completed in 14ms
16 timing npm:load:configload Completed in 14ms
17 timing config:load:flatten Completed in 5ms
18 timing npm:load:mkdirpcache Completed in 1ms
19 timing npm:load:mkdirplogs Completed in 1ms
20 verbose title npm install react-native-cli
21 verbose argv "install" "--global" "react-native-cli"
22 timing npm:load:setTitle Completed in 1ms
23 timing npm:load:display Completed in 1ms
24 verbose logfile logs-max:10 dir:/home/itsupport/.npm/_logs/2024-10-22T23_58_29_249Z-
25 verbose logfile /home/itsupport/.npm/_logs/2024-10-22T23_58_29_249Z-debug-0.log
26 timing npm:load:logFile Completed in 12ms
27 timing npm:load:timers Completed in 0ms
28 timing npm:load:configScope Completed in 0ms
29 timing npm:load Completed in 86ms
30 timing config:load:flatten Completed in 1ms
31 timing arborist:ctor Completed in 1ms
32 silly logfile done cleaning log files
33 timing idealTree:init Completed in 11ms
34 timing idealTree:userRequests Completed in 2ms
35 silly idealTree buildDeps
36 silly fetch manifest react-native-cli@*
37 http fetch GET 200 https://registry.npmjs.org/npm 258ms (cache miss)
38 http fetch GET 200 https://registry.npmjs.org/react-native-cli 574ms (cache miss)
39 silly placeDep ROOT react-native-cli@2.0.1 OK for:  want: *
40 silly fetch manifest chalk@^1.1.1
41 silly fetch manifest minimist@^1.2.0
42 silly fetch manifest prompt@^0.2.14
43 silly fetch manifest semver@^5.0.3
44 http fetch GET 200 https://registry.npmjs.org/chalk 51ms (cache miss)
45 http fetch GET 200 https://registry.npmjs.org/minimist 55ms (cache miss)
46 http fetch GET 200 https://registry.npmjs.org/semver 83ms (cache miss)
47 http fetch GET 200 https://registry.npmjs.org/prompt 90ms (cache miss)
48 timing idealTree:#root Completed in 680ms
49 silly placeDep node_modules/react-native-cli chalk@1.1.3 OK for: react-native-cli@2.0.1 want: ^1.1.1
50 silly fetch manifest has-ansi@^2.0.0
51 silly fetch manifest strip-ansi@^3.0.0
52 silly fetch manifest ansi-styles@^2.2.1
53 silly fetch manifest supports-color@^2.0.0
54 silly fetch manifest escape-string-regexp@^1.0.2
55 silly placeDep node_modules/react-native-cli minimist@1.2.8 OK for: react-native-cli@2.0.1 want: ^1.2.0
56 silly placeDep node_modules/react-native-cli prompt@0.2.14 OK for: react-native-cli@2.0.1 want: ^0.2.14
57 silly fetch manifest pkginfo@0.x.x
58 silly fetch manifest read@1.0.x
59 silly fetch manifest revalidator@0.1.x
60 silly fetch manifest utile@0.2.x
61 silly fetch manifest winston@0.8.x
62 silly placeDep node_modules/react-native-cli semver@5.7.2 OK for: react-native-cli@2.0.1 want: ^5.0.3
63 http fetch GET 200 https://registry.npmjs.org/strip-ansi 111ms (cache miss)
64 http fetch GET 200 https://registry.npmjs.org/has-ansi 119ms (cache miss)
65 http fetch GET 200 https://registry.npmjs.org/ansi-styles 139ms (cache miss)
66 http fetch GET 200 https://registry.npmjs.org/supports-color 148ms (cache miss)
67 http fetch GET 200 https://registry.npmjs.org/revalidator 148ms (cache miss)
68 http fetch GET 200 https://registry.npmjs.org/pkginfo 152ms (cache miss)
69 http fetch GET 200 https://registry.npmjs.org/read 152ms (cache miss)
70 http fetch GET 200 https://registry.npmjs.org/utile 153ms (cache miss)
71 http fetch GET 200 https://registry.npmjs.org/escape-string-regexp 158ms (cache miss)
72 http fetch GET 200 https://registry.npmjs.org/winston 165ms (cache miss)
73 timing idealTree:node_modules/react-native-cli Completed in 184ms
74 silly placeDep node_modules/react-native-cli ansi-styles@2.2.1 OK for: chalk@1.1.3 want: ^2.2.1
75 silly placeDep node_modules/react-native-cli escape-string-regexp@1.0.5 OK for: chalk@1.1.3 want: ^1.0.2
76 silly placeDep node_modules/react-native-cli has-ansi@2.0.0 OK for: chalk@1.1.3 want: ^2.0.0
77 silly fetch manifest ansi-regex@^2.0.0
78 silly placeDep node_modules/react-native-cli strip-ansi@3.0.1 OK for: chalk@1.1.3 want: ^3.0.0
79 silly placeDep node_modules/react-native-cli supports-color@2.0.0 OK for: chalk@1.1.3 want: ^2.0.0
80 http fetch GET 200 https://registry.npmjs.org/ansi-regex 28ms (cache miss)
81 timing idealTree:node_modules/react-native-cli/node_modules/chalk Completed in 38ms
82 timing idealTree:node_modules/react-native-cli/node_modules/ansi-styles Completed in 0ms
83 timing idealTree:node_modules/react-native-cli/node_modules/escape-string-regexp Completed in 0ms
84 silly placeDep node_modules/react-native-cli ansi-regex@2.1.1 OK for: has-ansi@2.0.0 want: ^2.0.0
85 timing idealTree:node_modules/react-native-cli/node_modules/has-ansi Completed in 3ms
86 timing idealTree:node_modules/react-native-cli/node_modules/ansi-regex Completed in 0ms
87 timing idealTree:node_modules/react-native-cli/node_modules/minimist Completed in 0ms
88 silly placeDep node_modules/react-native-cli pkginfo@0.4.1 OK for: prompt@0.2.14 want: 0.x.x
89 silly placeDep node_modules/react-native-cli read@1.0.7 OK for: prompt@0.2.14 want: 1.0.x
90 silly fetch manifest mute-stream@~0.0.4
91 silly placeDep node_modules/react-native-cli revalidator@0.1.8 OK for: prompt@0.2.14 want: 0.1.x
92 silly placeDep node_modules/react-native-cli utile@0.2.1 OK for: prompt@0.2.14 want: 0.2.x
93 silly fetch manifest async@~0.2.9
94 silly fetch manifest deep-equal@*
95 silly fetch manifest i@0.3.x
96 silly fetch manifest mkdirp@0.x.x
97 silly fetch manifest ncp@0.4.x
98 silly fetch manifest rimraf@2.x.x
99 silly placeDep node_modules/react-native-cli winston@0.8.3 OK for: prompt@0.2.14 want: 0.8.x
100 silly fetch manifest eyes@0.1.x
101 silly fetch manifest async@0.2.x
102 silly fetch manifest cycle@1.0.x
103 silly fetch manifest colors@0.6.x
104 silly fetch manifest pkginfo@0.3.x
105 silly fetch manifest isstream@0.1.x
106 silly fetch manifest stack-trace@0.0.x
107 http fetch GET 200 https://registry.npmjs.org/eyes 153ms (cache miss)
108 http fetch GET 200 https://registry.npmjs.org/mute-stream 166ms (cache miss)
109 http fetch GET 200 https://registry.npmjs.org/i 163ms (cache miss)
110 http fetch GET 200 https://registry.npmjs.org/deep-equal 164ms (cache miss)
111 http fetch GET 200 https://registry.npmjs.org/ncp 163ms (cache miss)
112 http fetch GET 200 https://registry.npmjs.org/async 191ms (cache miss)
113 http fetch GET 200 https://registry.npmjs.org/isstream 185ms (cache miss)
114 http fetch GET 200 https://registry.npmjs.org/mkdirp 195ms (cache miss)
115 http fetch GET 200 https://registry.npmjs.org/async 192ms (cache miss)
116 http fetch GET 200 https://registry.npmjs.org/stack-trace 203ms (cache miss)
117 http fetch GET 200 https://registry.npmjs.org/rimraf 214ms (cache miss)
118 http fetch GET 200 https://registry.npmjs.org/colors 215ms (cache miss)
119 http fetch GET 200 https://registry.npmjs.org/cycle 532ms (cache miss)
120 timing idealTree:node_modules/react-native-cli/node_modules/prompt Completed in 553ms
121 timing idealTree:node_modules/react-native-cli/node_modules/pkginfo Completed in 0ms
122 silly placeDep node_modules/react-native-cli mute-stream@0.0.8 OK for: read@1.0.7 want: ~0.0.4
123 timing idealTree:node_modules/react-native-cli/node_modules/read Completed in 3ms
124 timing idealTree:node_modules/react-native-cli/node_modules/mute-stream Completed in 0ms
125 timing idealTree:node_modules/react-native-cli/node_modules/revalidator Completed in 0ms
126 timing idealTree:node_modules/react-native-cli/node_modules/semver Completed in 0ms
127 timing idealTree:node_modules/react-native-cli/node_modules/strip-ansi Completed in 0ms
128 timing idealTree:node_modules/react-native-cli/node_modules/supports-color Completed in 0ms
129 silly placeDep node_modules/react-native-cli async@0.2.10 OK for: utile@0.2.1 want: ~0.2.9
130 silly placeDep node_modules/react-native-cli deep-equal@2.2.3 OK for: utile@0.2.1 want: *
131 silly fetch manifest array-buffer-byte-length@^1.0.0
132 silly fetch manifest call-bind@^1.0.5
133 silly fetch manifest es-get-iterator@^1.1.3
134 silly fetch manifest get-intrinsic@^1.2.2
135 silly fetch manifest is-arguments@^1.1.1
136 silly fetch manifest is-array-buffer@^3.0.2
137 silly fetch manifest is-date-object@^1.0.5
138 silly fetch manifest is-regex@^1.1.4
139 silly fetch manifest is-shared-array-buffer@^1.0.2
140 silly fetch manifest isarray@^2.0.5
141 silly fetch manifest object-is@^1.1.5
142 silly fetch manifest object-keys@^1.1.1
143 silly fetch manifest object.assign@^4.1.4
144 silly fetch manifest regexp.prototype.flags@^1.5.1
145 silly fetch manifest side-channel@^1.0.4
146 silly fetch manifest which-boxed-primitive@^1.0.2
147 silly fetch manifest which-collection@^1.0.1
148 silly fetch manifest which-typed-array@^1.1.13
149 silly placeDep node_modules/react-native-cli i@0.3.7 OK for: utile@0.2.1 want: 0.3.x
150 silly placeDep node_modules/react-native-cli mkdirp@0.5.6 OK for: utile@0.2.1 want: 0.x.x
151 silly placeDep node_modules/react-native-cli ncp@0.4.2 OK for: utile@0.2.1 want: 0.4.x
152 silly placeDep node_modules/react-native-cli rimraf@2.7.1 OK for: utile@0.2.1 want: 2.x.x
153 silly fetch manifest glob@^7.1.3
154 http fetch GET 200 https://registry.npmjs.org/call-bind 202ms (cache miss)
155 http fetch GET 200 https://registry.npmjs.org/array-buffer-byte-length 205ms (cache miss)
156 http fetch GET 200 https://registry.npmjs.org/is-regex 197ms (cache miss)
157 http fetch GET 200 https://registry.npmjs.org/is-array-buffer 203ms (cache miss)
158 http fetch GET 200 https://registry.npmjs.org/isarray 199ms (cache miss)
159 http fetch GET 200 https://registry.npmjs.org/get-intrinsic 206ms (cache miss)
160 http fetch GET 200 https://registry.npmjs.org/is-arguments 206ms (cache miss)
161 http fetch GET 200 https://registry.npmjs.org/is-date-object 205ms (cache miss)
162 http fetch GET 200 https://registry.npmjs.org/is-shared-array-buffer 206ms (cache miss)
163 http fetch GET 200 https://registry.npmjs.org/object-is 209ms (cache miss)
164 http fetch GET 200 https://registry.npmjs.org/object.assign 208ms (cache miss)
165 http fetch GET 200 https://registry.npmjs.org/object-keys 212ms (cache miss)
166 http fetch GET 200 https://registry.npmjs.org/which-collection 210ms (cache miss)
167 http fetch GET 200 https://registry.npmjs.org/side-channel 213ms (cache miss)
168 http fetch GET 200 https://registry.npmjs.org/which-typed-array 211ms (cache miss)
169 http fetch GET 200 https://registry.npmjs.org/regexp.prototype.flags 217ms (cache miss)
170 http fetch GET 200 https://registry.npmjs.org/which-boxed-primitive 216ms (cache miss)
171 http fetch GET 200 https://registry.npmjs.org/glob 208ms (cache miss)
172 http fetch GET 200 https://registry.npmjs.org/es-get-iterator 532ms (cache miss)
173 timing idealTree:node_modules/react-native-cli/node_modules/utile Completed in 546ms
174 timing idealTree:node_modules/react-native-cli/node_modules/async Completed in 0ms
175 silly placeDep node_modules/react-native-cli array-buffer-byte-length@1.0.1 OK for: deep-equal@2.2.3 want: ^1.0.0
176 silly fetch manifest is-array-buffer@^3.0.4
177 silly placeDep node_modules/react-native-cli call-bind@1.0.7 OK for: deep-equal@2.2.3 want: ^1.0.5
178 silly fetch manifest es-define-property@^1.0.0
179 silly fetch manifest es-errors@^1.3.0
180 silly fetch manifest function-bind@^1.1.2
181 silly fetch manifest get-intrinsic@^1.2.4
182 silly fetch manifest set-function-length@^1.2.1
183 silly placeDep node_modules/react-native-cli es-get-iterator@1.1.3 OK for: deep-equal@2.2.3 want: ^1.1.3
184 silly fetch manifest get-intrinsic@^1.1.3
185 silly fetch manifest has-symbols@^1.0.3
186 silly fetch manifest is-map@^2.0.2
187 silly fetch manifest is-set@^2.0.2
188 silly fetch manifest is-string@^1.0.7
189 silly fetch manifest stop-iteration-iterator@^1.0.0
190 silly placeDep node_modules/react-native-cli get-intrinsic@1.2.4 OK for: deep-equal@2.2.3 want: ^1.2.2
191 silly fetch manifest has-proto@^1.0.1
192 silly fetch manifest hasown@^2.0.0
193 silly placeDep node_modules/react-native-cli is-arguments@1.1.1 OK for: deep-equal@2.2.3 want: ^1.1.1
194 silly fetch manifest has-tostringtag@^1.0.0
195 silly placeDep node_modules/react-native-cli is-array-buffer@3.0.4 OK for: deep-equal@2.2.3 want: ^3.0.2
196 silly placeDep node_modules/react-native-cli is-date-object@1.0.5 OK for: deep-equal@2.2.3 want: ^1.0.5
197 silly placeDep node_modules/react-native-cli is-regex@1.1.4 OK for: deep-equal@2.2.3 want: ^1.1.4
198 silly placeDep node_modules/react-native-cli is-shared-array-buffer@1.0.3 OK for: deep-equal@2.2.3 want: ^1.0.2
199 silly placeDep node_modules/react-native-cli isarray@2.0.5 OK for: deep-equal@2.2.3 want: ^2.0.5
200 silly placeDep node_modules/react-native-cli object-is@1.1.6 OK for: deep-equal@2.2.3 want: ^1.1.5
201 silly fetch manifest define-properties@^1.2.1
202 silly placeDep node_modules/react-native-cli object-keys@1.1.1 OK for: deep-equal@2.2.3 want: ^1.1.1
203 silly placeDep node_modules/react-native-cli object.assign@4.1.5 OK for: deep-equal@2.2.3 want: ^4.1.4
204 silly placeDep node_modules/react-native-cli regexp.prototype.flags@1.5.3 OK for: deep-equal@2.2.3 want: ^1.5.1
205 silly fetch manifest set-function-name@^2.0.2
206 silly placeDep node_modules/react-native-cli side-channel@1.0.6 OK for: deep-equal@2.2.3 want: ^1.0.4
207 silly fetch manifest object-inspect@^1.13.1
208 silly placeDep node_modules/react-native-cli which-boxed-primitive@1.0.2 OK for: deep-equal@2.2.3 want: ^1.0.2
209 silly fetch manifest is-bigint@^1.0.1
210 silly fetch manifest is-boolean-object@^1.1.0
211 silly fetch manifest is-number-object@^1.0.4
212 silly fetch manifest is-string@^1.0.5
213 silly fetch manifest is-symbol@^1.0.3
214 silly placeDep node_modules/react-native-cli which-collection@1.0.2 OK for: deep-equal@2.2.3 want: ^1.0.1
215 silly fetch manifest is-map@^2.0.3
216 silly fetch manifest is-set@^2.0.3
217 silly fetch manifest is-weakmap@^2.0.2
218 silly fetch manifest is-weakset@^2.0.3
219 silly placeDep node_modules/react-native-cli which-typed-array@1.1.15 OK for: deep-equal@2.2.3 want: ^1.1.13
220 silly fetch manifest available-typed-arrays@^1.0.7
221 silly fetch manifest for-each@^0.3.3
222 silly fetch manifest gopd@^1.0.1
223 silly fetch manifest has-tostringtag@^1.0.2
224 http fetch GET 200 https://registry.npmjs.org/es-define-property 337ms (cache miss)
225 http fetch GET 200 https://registry.npmjs.org/es-errors 337ms (cache miss)
226 http fetch GET 200 https://registry.npmjs.org/has-proto 320ms (cache miss)
227 http fetch GET 200 https://registry.npmjs.org/set-function-name 309ms (cache miss)
228 http fetch GET 200 https://registry.npmjs.org/hasown 321ms (cache miss)
229 http fetch GET 200 https://registry.npmjs.org/stop-iteration-iterator 334ms (cache miss)
230 http fetch GET 200 https://registry.npmjs.org/set-function-length 342ms (cache miss)
231 http fetch GET 200 https://registry.npmjs.org/is-set 338ms (cache miss)
232 http fetch GET 200 https://registry.npmjs.org/function-bind 345ms (cache miss)
233 http fetch GET 200 https://registry.npmjs.org/has-symbols 342ms (cache miss)
234 http fetch GET 200 https://registry.npmjs.org/is-map 341ms (cache miss)
235 http fetch GET 200 https://registry.npmjs.org/is-string 343ms (cache miss)
236 http fetch GET 200 https://registry.npmjs.org/has-tostringtag 327ms (cache miss)
237 http fetch GET 200 https://registry.npmjs.org/is-string 315ms (cache miss)
238 http fetch GET 200 https://registry.npmjs.org/is-map 313ms (cache miss)
239 http fetch GET 200 https://registry.npmjs.org/define-properties 325ms (cache miss)
240 http fetch GET 200 https://registry.npmjs.org/is-boolean-object 318ms (cache miss)
241 http fetch GET 200 https://registry.npmjs.org/is-set 316ms (cache miss)
242 http fetch GET 200 https://registry.npmjs.org/has-tostringtag 312ms (cache miss)
243 http fetch GET 200 https://registry.npmjs.org/gopd 314ms (cache miss)
244 http fetch GET 200 https://registry.npmjs.org/is-symbol 322ms (cache miss)
245 http fetch GET 200 https://registry.npmjs.org/is-weakset 320ms (cache miss)
246 http fetch GET 200 https://registry.npmjs.org/for-each 318ms (cache miss)
247 http fetch GET 200 https://registry.npmjs.org/is-bigint 327ms (cache miss)
248 http fetch GET 200 https://registry.npmjs.org/available-typed-arrays 320ms (cache miss)
249 http fetch GET 200 https://registry.npmjs.org/is-weakmap 323ms (cache miss)
250 http fetch GET 200 https://registry.npmjs.org/is-number-object 328ms (cache miss)
251 http fetch GET 200 https://registry.npmjs.org/object-inspect 331ms (cache miss)
252 timing idealTree:node_modules/react-native-cli/node_modules/deep-equal Completed in 382ms
253 timing idealTree:node_modules/react-native-cli/node_modules/array-buffer-byte-length Completed in 0ms
254 silly placeDep node_modules/react-native-cli es-define-property@1.0.0 OK for: call-bind@1.0.7 want: ^1.0.0
255 silly placeDep node_modules/react-native-cli es-errors@1.3.0 OK for: call-bind@1.0.7 want: ^1.3.0
256 silly placeDep node_modules/react-native-cli function-bind@1.1.2 OK for: call-bind@1.0.7 want: ^1.1.2
257 silly placeDep node_modules/react-native-cli set-function-length@1.2.2 OK for: call-bind@1.0.7 want: ^1.2.1
258 silly fetch manifest define-data-property@^1.1.4
259 silly fetch manifest has-property-descriptors@^1.0.2
260 http fetch GET 200 https://registry.npmjs.org/has-property-descriptors 46ms (cache miss)
261 http fetch GET 200 https://registry.npmjs.org/define-data-property 48ms (cache miss)
262 timing idealTree:node_modules/react-native-cli/node_modules/call-bind Completed in 62ms
263 timing idealTree:node_modules/react-native-cli/node_modules/es-define-property Completed in 0ms
264 timing idealTree:node_modules/react-native-cli/node_modules/es-errors Completed in 0ms
265 silly placeDep node_modules/react-native-cli has-symbols@1.0.3 OK for: es-get-iterator@1.1.3 want: ^1.0.3
266 silly placeDep node_modules/react-native-cli is-map@2.0.3 OK for: es-get-iterator@1.1.3 want: ^2.0.2
267 silly placeDep node_modules/react-native-cli is-set@2.0.3 OK for: es-get-iterator@1.1.3 want: ^2.0.2
268 silly placeDep node_modules/react-native-cli is-string@1.0.7 OK for: es-get-iterator@1.1.3 want: ^1.0.7
269 silly placeDep node_modules/react-native-cli stop-iteration-iterator@1.0.0 OK for: es-get-iterator@1.1.3 want: ^1.0.0
270 silly fetch manifest internal-slot@^1.0.4
271 http fetch GET 200 https://registry.npmjs.org/internal-slot 47ms (cache miss)
272 timing idealTree:node_modules/react-native-cli/node_modules/es-get-iterator Completed in 58ms
273 timing idealTree:node_modules/react-native-cli/node_modules/function-bind Completed in 0ms
274 silly placeDep node_modules/react-native-cli has-proto@1.0.3 OK for: get-intrinsic@1.2.4 want: ^1.0.1
275 silly placeDep node_modules/react-native-cli hasown@2.0.2 OK for: get-intrinsic@1.2.4 want: ^2.0.0
276 timing idealTree:node_modules/react-native-cli/node_modules/get-intrinsic Completed in 5ms
277 timing idealTree:node_modules/react-native-cli/node_modules/has-proto Completed in 0ms
278 timing idealTree:node_modules/react-native-cli/node_modules/has-symbols Completed in 0ms
279 timing idealTree:node_modules/react-native-cli/node_modules/hasown Completed in 0ms
280 timing idealTree:node_modules/react-native-cli/node_modules/i Completed in 0ms
281 silly placeDep node_modules/react-native-cli has-tostringtag@1.0.2 OK for: is-arguments@1.1.1 want: ^1.0.0
282 timing idealTree:node_modules/react-native-cli/node_modules/is-arguments Completed in 3ms
283 timing idealTree:node_modules/react-native-cli/node_modules/has-tostringtag Completed in 0ms
284 timing idealTree:node_modules/react-native-cli/node_modules/is-array-buffer Completed in 0ms
285 timing idealTree:node_modules/react-native-cli/node_modules/is-date-object Completed in 0ms
286 timing idealTree:node_modules/react-native-cli/node_modules/is-map Completed in 0ms
287 timing idealTree:node_modules/react-native-cli/node_modules/is-regex Completed in 0ms
288 timing idealTree:node_modules/react-native-cli/node_modules/is-set Completed in 0ms
289 timing idealTree:node_modules/react-native-cli/node_modules/is-shared-array-buffer Completed in 0ms
290 timing idealTree:node_modules/react-native-cli/node_modules/is-string Completed in 0ms
291 timing idealTree:node_modules/react-native-cli/node_modules/isarray Completed in 0ms
292 timing idealTree:node_modules/react-native-cli/node_modules/mkdirp Completed in 0ms
293 timing idealTree:node_modules/react-native-cli/node_modules/ncp Completed in 0ms
294 silly placeDep node_modules/react-native-cli define-properties@1.2.1 OK for: object-is@1.1.6 want: ^1.2.1
295 silly fetch manifest define-data-property@^1.0.1
296 silly fetch manifest has-property-descriptors@^1.0.0
297 timing idealTree:node_modules/react-native-cli/node_modules/object-is Completed in 3ms
298 silly placeDep node_modules/react-native-cli define-data-property@1.1.4 OK for: define-properties@1.2.1 want: ^1.0.1
299 silly placeDep node_modules/react-native-cli has-property-descriptors@1.0.2 OK for: define-properties@1.2.1 want: ^1.0.0
300 timing idealTree:node_modules/react-native-cli/node_modules/define-properties Completed in 4ms
301 silly placeDep node_modules/react-native-cli gopd@1.0.1 OK for: define-data-property@1.1.4 want: ^1.0.1
302 timing idealTree:node_modules/react-native-cli/node_modules/define-data-property Completed in 3ms
303 timing idealTree:node_modules/react-native-cli/node_modules/gopd Completed in 0ms
304 timing idealTree:node_modules/react-native-cli/node_modules/has-property-descriptors Completed in 0ms
305 timing idealTree:node_modules/react-native-cli/node_modules/object-keys Completed in 0ms
306 timing idealTree:node_modules/react-native-cli/node_modules/object.assign Completed in 0ms
307 silly placeDep node_modules/react-native-cli set-function-name@2.0.2 OK for: regexp.prototype.flags@1.5.3 want: ^2.0.2
308 silly fetch manifest functions-have-names@^1.2.3
309 http fetch GET 200 https://registry.npmjs.org/functions-have-names 29ms (cache miss)
310 timing idealTree:node_modules/react-native-cli/node_modules/regexp.prototype.flags Completed in 33ms
311 silly placeDep node_modules/react-native-cli glob@7.2.3 OK for: rimraf@2.7.1 want: ^7.1.3
312 silly fetch manifest once@^1.3.0
313 silly fetch manifest inflight@^1.0.4
314 silly fetch manifest inherits@2
315 silly fetch manifest minimatch@^3.1.1
316 silly fetch manifest fs.realpath@^1.0.0
317 silly fetch manifest path-is-absolute@^1.0.0
318 http fetch GET 200 https://registry.npmjs.org/inflight 77ms (cache miss)
319 http fetch GET 200 https://registry.npmjs.org/once 81ms (cache miss)
320 http fetch GET 200 https://registry.npmjs.org/path-is-absolute 76ms (cache miss)
321 http fetch GET 200 https://registry.npmjs.org/inherits 81ms (cache miss)
322 http fetch GET 200 https://registry.npmjs.org/fs.realpath 79ms (cache miss)
323 http fetch GET 200 https://registry.npmjs.org/minimatch 87ms (cache miss)
324 timing idealTree:node_modules/react-native-cli/node_modules/rimraf Completed in 98ms
325 silly placeDep node_modules/react-native-cli fs.realpath@1.0.0 OK for: glob@7.2.3 want: ^1.0.0
326 silly placeDep node_modules/react-native-cli inflight@1.0.6 OK for: glob@7.2.3 want: ^1.0.4
327 silly fetch manifest wrappy@1
328 silly placeDep node_modules/react-native-cli inherits@2.0.4 OK for: glob@7.2.3 want: 2
329 silly placeDep node_modules/react-native-cli minimatch@3.1.2 OK for: glob@7.2.3 want: ^3.1.1
330 silly fetch manifest brace-expansion@^1.1.7
331 silly placeDep node_modules/react-native-cli once@1.4.0 OK for: glob@7.2.3 want: ^1.3.0
332 silly placeDep node_modules/react-native-cli path-is-absolute@1.0.1 OK for: glob@7.2.3 want: ^1.0.0
333 http fetch GET 200 https://registry.npmjs.org/wrappy 34ms (cache miss)
334 http fetch GET 200 https://registry.npmjs.org/brace-expansion 38ms (cache miss)
335 timing idealTree:node_modules/react-native-cli/node_modules/glob Completed in 50ms
336 timing idealTree:node_modules/react-native-cli/node_modules/fs.realpath Completed in 0ms
337 silly placeDep node_modules/react-native-cli wrappy@1.0.2 OK for: inflight@1.0.6 want: 1
338 timing idealTree:node_modules/react-native-cli/node_modules/inflight Completed in 3ms
339 timing idealTree:node_modules/react-native-cli/node_modules/inherits Completed in 1ms
340 silly placeDep node_modules/react-native-cli brace-expansion@1.1.11 OK for: minimatch@3.1.2 want: ^1.1.7
341 silly fetch manifest balanced-match@^1.0.0
342 silly fetch manifest concat-map@0.0.1
343 http fetch GET 200 https://registry.npmjs.org/concat-map 38ms (cache miss)
344 http fetch GET 200 https://registry.npmjs.org/balanced-match 41ms (cache miss)
345 timing idealTree:node_modules/react-native-cli/node_modules/minimatch Completed in 44ms
346 silly placeDep node_modules/react-native-cli balanced-match@1.0.2 OK for: brace-expansion@1.1.11 want: ^1.0.0
347 silly placeDep node_modules/react-native-cli concat-map@0.0.1 OK for: brace-expansion@1.1.11 want: 0.0.1
348 timing idealTree:node_modules/react-native-cli/node_modules/brace-expansion Completed in 4ms
349 timing idealTree:node_modules/react-native-cli/node_modules/balanced-match Completed in 0ms
350 timing idealTree:node_modules/react-native-cli/node_modules/concat-map Completed in 0ms
351 timing idealTree:node_modules/react-native-cli/node_modules/once Completed in 0ms
352 timing idealTree:node_modules/react-native-cli/node_modules/path-is-absolute Completed in 0ms
353 timing idealTree:node_modules/react-native-cli/node_modules/set-function-length Completed in 0ms
354 silly placeDep node_modules/react-native-cli functions-have-names@1.2.3 OK for: set-function-name@2.0.2 want: ^1.2.3
355 timing idealTree:node_modules/react-native-cli/node_modules/set-function-name Completed in 2ms
356 timing idealTree:node_modules/react-native-cli/node_modules/functions-have-names Completed in 0ms
357 silly placeDep node_modules/react-native-cli object-inspect@1.13.2 OK for: side-channel@1.0.6 want: ^1.13.1
358 timing idealTree:node_modules/react-native-cli/node_modules/side-channel Completed in 2ms
359 timing idealTree:node_modules/react-native-cli/node_modules/object-inspect Completed in 0ms
360 silly placeDep node_modules/react-native-cli internal-slot@1.0.7 OK for: stop-iteration-iterator@1.0.0 want: ^1.0.4
361 timing idealTree:node_modules/react-native-cli/node_modules/stop-iteration-iterator Completed in 2ms
362 timing idealTree:node_modules/react-native-cli/node_modules/internal-slot Completed in 0ms
363 silly placeDep node_modules/react-native-cli is-bigint@1.0.4 OK for: which-boxed-primitive@1.0.2 want: ^1.0.1
364 silly fetch manifest has-bigints@^1.0.1
365 silly placeDep node_modules/react-native-cli is-boolean-object@1.1.2 OK for: which-boxed-primitive@1.0.2 want: ^1.1.0
366 silly placeDep node_modules/react-native-cli is-number-object@1.0.7 OK for: which-boxed-primitive@1.0.2 want: ^1.0.4
367 silly placeDep node_modules/react-native-cli is-symbol@1.0.4 OK for: which-boxed-primitive@1.0.2 want: ^1.0.3
368 http fetch GET 200 https://registry.npmjs.org/has-bigints 33ms (cache miss)
369 timing idealTree:node_modules/react-native-cli/node_modules/which-boxed-primitive Completed in 35ms
370 silly placeDep node_modules/react-native-cli has-bigints@1.0.2 OK for: is-bigint@1.0.4 want: ^1.0.1
371 timing idealTree:node_modules/react-native-cli/node_modules/is-bigint Completed in 2ms
372 timing idealTree:node_modules/react-native-cli/node_modules/has-bigints Completed in 0ms
373 timing idealTree:node_modules/react-native-cli/node_modules/is-boolean-object Completed in 0ms
374 timing idealTree:node_modules/react-native-cli/node_modules/is-number-object Completed in 0ms
375 timing idealTree:node_modules/react-native-cli/node_modules/is-symbol Completed in 0ms
376 silly placeDep node_modules/react-native-cli is-weakmap@2.0.2 OK for: which-collection@1.0.2 want: ^2.0.2
377 silly placeDep node_modules/react-native-cli is-weakset@2.0.3 OK for: which-collection@1.0.2 want: ^2.0.3
378 timing idealTree:node_modules/react-native-cli/node_modules/which-collection Completed in 4ms
379 timing idealTree:node_modules/react-native-cli/node_modules/is-weakmap Completed in 0ms
380 timing idealTree:node_modules/react-native-cli/node_modules/is-weakset Completed in 0ms
381 silly placeDep node_modules/react-native-cli available-typed-arrays@1.0.7 OK for: which-typed-array@1.1.15 want: ^1.0.7
382 silly fetch manifest possible-typed-array-names@^1.0.0
383 silly placeDep node_modules/react-native-cli for-each@0.3.3 OK for: which-typed-array@1.1.15 want: ^0.3.3
384 silly fetch manifest is-callable@^1.1.3
385 http fetch GET 200 https://registry.npmjs.org/possible-typed-array-names 30ms (cache miss)
386 http fetch GET 200 https://registry.npmjs.org/is-callable 29ms (cache miss)
387 timing idealTree:node_modules/react-native-cli/node_modules/which-typed-array Completed in 35ms
388 silly placeDep node_modules/react-native-cli possible-typed-array-names@1.0.0 OK for: available-typed-arrays@1.0.7 want: ^1.0.0
389 timing idealTree:node_modules/react-native-cli/node_modules/available-typed-arrays Completed in 2ms
390 silly placeDep node_modules/react-native-cli is-callable@1.2.7 OK for: for-each@0.3.3 want: ^1.1.3
391 timing idealTree:node_modules/react-native-cli/node_modules/for-each Completed in 1ms
392 timing idealTree:node_modules/react-native-cli/node_modules/is-callable Completed in 1ms
393 timing idealTree:node_modules/react-native-cli/node_modules/possible-typed-array-names Completed in 0ms
394 silly placeDep node_modules/react-native-cli colors@0.6.2 OK for: winston@0.8.3 want: 0.6.x
395 silly placeDep node_modules/react-native-cli cycle@1.0.3 OK for: winston@0.8.3 want: 1.0.x
396 silly placeDep node_modules/react-native-cli eyes@0.1.8 OK for: winston@0.8.3 want: 0.1.x
397 silly placeDep node_modules/react-native-cli isstream@0.1.2 OK for: winston@0.8.3 want: 0.1.x
398 silly placeDep node_modules/react-native-cli/node_modules/winston pkginfo@0.3.1 OK for: winston@0.8.3 want: 0.3.x
399 silly placeDep node_modules/react-native-cli stack-trace@0.0.10 OK for: winston@0.8.3 want: 0.0.x
400 timing idealTree:node_modules/react-native-cli/node_modules/winston Completed in 11ms
401 timing idealTree:node_modules/react-native-cli/node_modules/colors Completed in 0ms
402 timing idealTree:node_modules/react-native-cli/node_modules/cycle Completed in 0ms
403 timing idealTree:node_modules/react-native-cli/node_modules/eyes Completed in 0ms
404 timing idealTree:node_modules/react-native-cli/node_modules/isstream Completed in 0ms
405 timing idealTree:node_modules/react-native-cli/node_modules/stack-trace Completed in 0ms
406 timing idealTree:node_modules/react-native-cli/node_modules/wrappy Completed in 0ms
407 timing idealTree:node_modules/react-native-cli/node_modules/winston/node_modules/pkginfo Completed in 0ms
408 timing idealTree:buildDeps Completed in 2870ms
409 timing idealTree:fixDepFlags Completed in 2ms
410 timing idealTree Completed in 2888ms
411 timing reify:loadTrees Completed in 2894ms
412 timing reify:diffTrees Completed in 3ms
413 silly reify moves {}
414 timing reify:retireShallow Completed in 1ms
415 timing reify:createSparse Completed in 19ms
416 timing reify:loadBundles Completed in 0ms
417 silly tarball no local data for stack-trace@https://registry.npmjs.org/stack-trace/-/stack-trace-0.0.10.tgz. Extracting by manifest.
418 silly tarball no local data for eyes@https://registry.npmjs.org/eyes/-/eyes-0.1.8.tgz. Extracting by manifest.
419 silly tarball no local data for isstream@https://registry.npmjs.org/isstream/-/isstream-0.1.2.tgz. Extracting by manifest.
420 silly tarball no local data for cycle@https://registry.npmjs.org/cycle/-/cycle-1.0.3.tgz. Extracting by manifest.
421 silly tarball no local data for colors@https://registry.npmjs.org/colors/-/colors-0.6.2.tgz. Extracting by manifest.
422 silly tarball no local data for is-callable@https://registry.npmjs.org/is-callable/-/is-callable-1.2.7.tgz. Extracting by manifest.
423 silly tarball no local data for possible-typed-array-names@https://registry.npmjs.org/possible-typed-array-names/-/possible-typed-array-names-1.0.0.tgz. Extracting by manifest.
424 silly tarball no local data for for-each@https://registry.npmjs.org/for-each/-/for-each-0.3.3.tgz. Extracting by manifest.
425 silly tarball no local data for available-typed-arrays@https://registry.npmjs.org/available-typed-arrays/-/available-typed-arrays-1.0.7.tgz. Extracting by manifest.
426 silly tarball no local data for is-weakset@https://registry.npmjs.org/is-weakset/-/is-weakset-2.0.3.tgz. Extracting by manifest.
427 silly tarball no local data for is-weakmap@https://registry.npmjs.org/is-weakmap/-/is-weakmap-2.0.2.tgz. Extracting by manifest.
428 silly tarball no local data for has-bigints@https://registry.npmjs.org/has-bigints/-/has-bigints-1.0.2.tgz. Extracting by manifest.
429 silly tarball no local data for is-symbol@https://registry.npmjs.org/is-symbol/-/is-symbol-1.0.4.tgz. Extracting by manifest.
430 silly tarball no local data for is-number-object@https://registry.npmjs.org/is-number-object/-/is-number-object-1.0.7.tgz. Extracting by manifest.
431 silly tarball no local data for is-boolean-object@https://registry.npmjs.org/is-boolean-object/-/is-boolean-object-1.1.2.tgz. Extracting by manifest.
432 silly tarball no local data for is-bigint@https://registry.npmjs.org/is-bigint/-/is-bigint-1.0.4.tgz. Extracting by manifest.
433 silly tarball no local data for internal-slot@https://registry.npmjs.org/internal-slot/-/internal-slot-1.0.7.tgz. Extracting by manifest.
434 silly tarball no local data for object-inspect@https://registry.npmjs.org/object-inspect/-/object-inspect-1.13.2.tgz. Extracting by manifest.
435 silly tarball no local data for functions-have-names@https://registry.npmjs.org/functions-have-names/-/functions-have-names-1.2.3.tgz. Extracting by manifest.
436 silly tarball no local data for concat-map@https://registry.npmjs.org/concat-map/-/concat-map-0.0.1.tgz. Extracting by manifest.
437 silly tarball no local data for balanced-match@https://registry.npmjs.org/balanced-match/-/balanced-match-1.0.2.tgz. Extracting by manifest.
438 silly tarball no local data for brace-expansion@https://registry.npmjs.org/brace-expansion/-/brace-expansion-1.1.11.tgz. Extracting by manifest.
439 silly tarball no local data for wrappy@https://registry.npmjs.org/wrappy/-/wrappy-1.0.2.tgz. Extracting by manifest.
440 silly tarball no local data for path-is-absolute@https://registry.npmjs.org/path-is-absolute/-/path-is-absolute-1.0.1.tgz. Extracting by manifest.
441 silly tarball no local data for once@https://registry.npmjs.org/once/-/once-1.4.0.tgz. Extracting by manifest.
442 silly tarball no local data for minimatch@https://registry.npmjs.org/minimatch/-/minimatch-3.1.2.tgz. Extracting by manifest.
443 silly tarball no local data for inherits@https://registry.npmjs.org/inherits/-/inherits-2.0.4.tgz. Extracting by manifest.
444 silly tarball no local data for inflight@https://registry.npmjs.org/inflight/-/inflight-1.0.6.tgz. Extracting by manifest.
445 silly tarball no local data for fs.realpath@https://registry.npmjs.org/fs.realpath/-/fs.realpath-1.0.0.tgz. Extracting by manifest.
446 silly tarball no local data for glob@https://registry.npmjs.org/glob/-/glob-7.2.3.tgz. Extracting by manifest.
447 silly tarball no local data for set-function-name@https://registry.npmjs.org/set-function-name/-/set-function-name-2.0.2.tgz. Extracting by manifest.
448 silly tarball no local data for gopd@https://registry.npmjs.org/gopd/-/gopd-1.0.1.tgz. Extracting by manifest.
449 silly tarball no local data for has-property-descriptors@https://registry.npmjs.org/has-property-descriptors/-/has-property-descriptors-1.0.2.tgz. Extracting by manifest.
450 silly tarball no local data for define-data-property@https://registry.npmjs.org/define-data-property/-/define-data-property-1.1.4.tgz. Extracting by manifest.
451 silly tarball no local data for define-properties@https://registry.npmjs.org/define-properties/-/define-properties-1.2.1.tgz. Extracting by manifest.
452 silly tarball no local data for has-tostringtag@https://registry.npmjs.org/has-tostringtag/-/has-tostringtag-1.0.2.tgz. Extracting by manifest.
453 silly tarball no local data for hasown@https://registry.npmjs.org/hasown/-/hasown-2.0.2.tgz. Extracting by manifest.
454 silly tarball no local data for has-proto@https://registry.npmjs.org/has-proto/-/has-proto-1.0.3.tgz. Extracting by manifest.
455 silly tarball no local data for stop-iteration-iterator@https://registry.npmjs.org/stop-iteration-iterator/-/stop-iteration-iterator-1.0.0.tgz. Extracting by manifest.
456 silly tarball no local data for is-string@https://registry.npmjs.org/is-string/-/is-string-1.0.7.tgz. Extracting by manifest.
457 silly tarball no local data for is-set@https://registry.npmjs.org/is-set/-/is-set-2.0.3.tgz. Extracting by manifest.
458 silly tarball no local data for is-map@https://registry.npmjs.org/is-map/-/is-map-2.0.3.tgz. Extracting by manifest.
459 silly tarball no local data for has-symbols@https://registry.npmjs.org/has-symbols/-/has-symbols-1.0.3.tgz. Extracting by manifest.
460 silly tarball no local data for set-function-length@https://registry.npmjs.org/set-function-length/-/set-function-length-1.2.2.tgz. Extracting by manifest.
461 silly tarball no local data for function-bind@https://registry.npmjs.org/function-bind/-/function-bind-1.1.2.tgz. Extracting by manifest.
462 silly tarball no local data for es-errors@https://registry.npmjs.org/es-errors/-/es-errors-1.3.0.tgz. Extracting by manifest.
463 silly tarball no local data for es-define-property@https://registry.npmjs.org/es-define-property/-/es-define-property-1.0.0.tgz. Extracting by manifest.
464 silly tarball no local data for which-collection@https://registry.npmjs.org/which-collection/-/which-collection-1.0.2.tgz. Extracting by manifest.
465 silly tarball no local data for which-typed-array@https://registry.npmjs.org/which-typed-array/-/which-typed-array-1.1.15.tgz. Extracting by manifest.
466 silly tarball no local data for which-boxed-primitive@https://registry.npmjs.org/which-boxed-primitive/-/which-boxed-primitive-1.0.2.tgz. Extracting by manifest.
467 silly tarball no local data for side-channel@https://registry.npmjs.org/side-channel/-/side-channel-1.0.6.tgz. Extracting by manifest.
468 silly tarball no local data for regexp.prototype.flags@https://registry.npmjs.org/regexp.prototype.flags/-/regexp.prototype.flags-1.5.3.tgz. Extracting by manifest.
469 silly tarball no local data for object.assign@https://registry.npmjs.org/object.assign/-/object.assign-4.1.5.tgz. Extracting by manifest.
470 silly tarball no local data for object-keys@https://registry.npmjs.org/object-keys/-/object-keys-1.1.1.tgz. Extracting by manifest.
471 silly tarball no local data for object-is@https://registry.npmjs.org/object-is/-/object-is-1.1.6.tgz. Extracting by manifest.
472 silly tarball no local data for isarray@https://registry.npmjs.org/isarray/-/isarray-2.0.5.tgz. Extracting by manifest.
473 silly tarball no local data for is-regex@https://registry.npmjs.org/is-regex/-/is-regex-1.1.4.tgz. Extracting by manifest.
474 silly tarball no local data for is-shared-array-buffer@https://registry.npmjs.org/is-shared-array-buffer/-/is-shared-array-buffer-1.0.3.tgz. Extracting by manifest.
475 silly tarball no local data for is-date-object@https://registry.npmjs.org/is-date-object/-/is-date-object-1.0.5.tgz. Extracting by manifest.
476 silly tarball no local data for is-arguments@https://registry.npmjs.org/is-arguments/-/is-arguments-1.1.1.tgz. Extracting by manifest.
477 silly tarball no local data for is-array-buffer@https://registry.npmjs.org/is-array-buffer/-/is-array-buffer-3.0.4.tgz. Extracting by manifest.
478 silly tarball no local data for get-intrinsic@https://registry.npmjs.org/get-intrinsic/-/get-intrinsic-1.2.4.tgz. Extracting by manifest.
479 silly tarball no local data for es-get-iterator@https://registry.npmjs.org/es-get-iterator/-/es-get-iterator-1.1.3.tgz. Extracting by manifest.
480 silly tarball no local data for ncp@https://registry.npmjs.org/ncp/-/ncp-0.4.2.tgz. Extracting by manifest.
481 silly tarball no local data for mkdirp@https://registry.npmjs.org/mkdirp/-/mkdirp-0.5.6.tgz. Extracting by manifest.
482 silly tarball no local data for deep-equal@https://registry.npmjs.org/deep-equal/-/deep-equal-2.2.3.tgz. Extracting by manifest.
483 silly tarball no local data for i@https://registry.npmjs.org/i/-/i-0.3.7.tgz. Extracting by manifest.
484 silly tarball no local data for async@https://registry.npmjs.org/async/-/async-0.2.10.tgz. Extracting by manifest.
485 silly tarball no local data for winston@https://registry.npmjs.org/winston/-/winston-0.8.3.tgz. Extracting by manifest.
486 silly tarball no local data for mute-stream@https://registry.npmjs.org/mute-stream/-/mute-stream-0.0.8.tgz. Extracting by manifest.
487 silly tarball no local data for pkginfo@https://registry.npmjs.org/pkginfo/-/pkginfo-0.3.1.tgz. Extracting by manifest.
488 silly tarball no local data for utile@https://registry.npmjs.org/utile/-/utile-0.2.1.tgz. Extracting by manifest.
489 silly tarball no local data for revalidator@https://registry.npmjs.org/revalidator/-/revalidator-0.1.8.tgz. Extracting by manifest.
490 silly tarball no local data for read@https://registry.npmjs.org/read/-/read-1.0.7.tgz. Extracting by manifest.
491 silly tarball no local data for pkginfo@https://registry.npmjs.org/pkginfo/-/pkginfo-0.4.1.tgz. Extracting by manifest.
492 silly tarball no local data for supports-color@https://registry.npmjs.org/supports-color/-/supports-color-2.0.0.tgz. Extracting by manifest.
493 silly tarball no local data for ansi-regex@https://registry.npmjs.org/ansi-regex/-/ansi-regex-2.1.1.tgz. Extracting by manifest.
494 silly tarball no local data for strip-ansi@https://registry.npmjs.org/strip-ansi/-/strip-ansi-3.0.1.tgz. Extracting by manifest.
495 silly tarball no local data for has-ansi@https://registry.npmjs.org/has-ansi/-/has-ansi-2.0.0.tgz. Extracting by manifest.
496 silly tarball no local data for ansi-styles@https://registry.npmjs.org/ansi-styles/-/ansi-styles-2.2.1.tgz. Extracting by manifest.
497 silly tarball no local data for escape-string-regexp@https://registry.npmjs.org/escape-string-regexp/-/escape-string-regexp-1.0.5.tgz. Extracting by manifest.
498 silly tarball no local data for semver@https://registry.npmjs.org/semver/-/semver-5.7.2.tgz. Extracting by manifest.
499 silly tarball no local data for prompt@https://registry.npmjs.org/prompt/-/prompt-0.2.14.tgz. Extracting by manifest.
500 silly tarball no local data for minimist@https://registry.npmjs.org/minimist/-/minimist-1.2.8.tgz. Extracting by manifest.
501 silly tarball no local data for react-native-cli@https://registry.npmjs.org/react-native-cli/-/react-native-cli-2.0.1.tgz. Extracting by manifest.
502 silly tarball no local data for chalk@https://registry.npmjs.org/chalk/-/chalk-1.1.3.tgz. Extracting by manifest.
503 silly tarball no local data for call-bind@https://registry.npmjs.org/call-bind/-/call-bind-1.0.7.tgz. Extracting by manifest.
504 silly tarball no local data for rimraf@https://registry.npmjs.org/rimraf/-/rimraf-2.7.1.tgz. Extracting by manifest.
505 silly tarball no local data for array-buffer-byte-length@https://registry.npmjs.org/array-buffer-byte-length/-/array-buffer-byte-length-1.0.1.tgz. Extracting by manifest.
506 http fetch GET 200 https://registry.npmjs.org/is-callable/-/is-callable-1.2.7.tgz 1530ms (cache miss)
507 http fetch GET 200 https://registry.npmjs.org/possible-typed-array-names/-/possible-typed-array-names-1.0.0.tgz 1532ms (cache miss)
508 http fetch GET 200 https://registry.npmjs.org/cycle/-/cycle-1.0.3.tgz 1551ms (cache miss)
509 timing reifyNode:node_modules/react-native-cli/node_modules/cycle Completed in 1636ms
510 http fetch GET 200 https://registry.npmjs.org/colors/-/colors-0.6.2.tgz 1552ms (cache miss)
511 timing reifyNode:node_modules/react-native-cli/node_modules/colors Completed in 1637ms
512 http fetch GET 200 https://registry.npmjs.org/has-bigints/-/has-bigints-1.0.2.tgz 1546ms (cache miss)
513 timing reifyNode:node_modules/react-native-cli/node_modules/has-bigints Completed in 1641ms
514 timing reifyNode:node_modules/react-native-cli/node_modules/possible-typed-array-names Completed in 1642ms
515 http fetch GET 200 https://registry.npmjs.org/isstream/-/isstream-0.1.2.tgz 1569ms (cache miss)
516 timing reifyNode:node_modules/react-native-cli/node_modules/isstream Completed in 1654ms
517 http fetch GET 200 https://registry.npmjs.org/inherits/-/inherits-2.0.4.tgz 1544ms (cache miss)
518 timing reifyNode:node_modules/react-native-cli/node_modules/inherits Completed in 1659ms
519 http fetch GET 200 https://registry.npmjs.org/is-symbol/-/is-symbol-1.0.4.tgz 1577ms (cache miss)
520 timing reifyNode:node_modules/react-native-cli/node_modules/is-symbol Completed in 1673ms
521 timing reifyNode:node_modules/react-native-cli/node_modules/is-callable Completed in 1690ms
522 http fetch GET 200 https://registry.npmjs.org/is-number-object/-/is-number-object-1.0.7.tgz 1592ms (cache miss)
523 timing reifyNode:node_modules/react-native-cli/node_modules/is-number-object Completed in 1690ms
524 http fetch GET 200 https://registry.npmjs.org/concat-map/-/concat-map-0.0.1.tgz 1598ms (cache miss)
525 timing reifyNode:node_modules/react-native-cli/node_modules/concat-map Completed in 1703ms
526 http fetch GET 200 https://registry.npmjs.org/wrappy/-/wrappy-1.0.2.tgz 1595ms (cache miss)
527 timing reifyNode:node_modules/react-native-cli/node_modules/wrappy Completed in 1705ms
528 http fetch GET 200 https://registry.npmjs.org/has-ansi/-/has-ansi-2.0.0.tgz 1488ms (cache miss)
529 timing reifyNode:node_modules/react-native-cli/node_modules/has-ansi Completed in 1707ms
530 http fetch GET 200 https://registry.npmjs.org/stack-trace/-/stack-trace-0.0.10.tgz 1635ms (cache miss)
531 timing reifyNode:node_modules/react-native-cli/node_modules/stack-trace Completed in 1715ms
532 http fetch GET 200 https://registry.npmjs.org/inflight/-/inflight-1.0.6.tgz 1598ms (cache miss)
533 warn deprecated inflight@1.0.6: This module is not supported, and leaks memory. Do not use it. Check out lru-cache if you want a good and tested way to coalesce async requests by a key value, which is much more comprehensive and powerful.
534 timing reifyNode:node_modules/react-native-cli/node_modules/inflight Completed in 1718ms
535 http fetch GET 200 https://registry.npmjs.org/for-each/-/for-each-0.3.3.tgz 1653ms (cache miss)
536 timing reifyNode:node_modules/react-native-cli/node_modules/for-each Completed in 1741ms
537 http fetch GET 200 https://registry.npmjs.org/path-is-absolute/-/path-is-absolute-1.0.1.tgz 1639ms (cache miss)
538 timing reifyNode:node_modules/react-native-cli/node_modules/path-is-absolute Completed in 1749ms
539 http fetch GET 200 https://registry.npmjs.org/stop-iteration-iterator/-/stop-iteration-iterator-1.0.0.tgz 1637ms (cache miss)
540 http fetch GET 200 https://registry.npmjs.org/brace-expansion/-/brace-expansion-1.1.11.tgz 1659ms (cache miss)
541 timing reifyNode:node_modules/react-native-cli/node_modules/brace-expansion Completed in 1766ms
542 http fetch GET 200 https://registry.npmjs.org/eyes/-/eyes-0.1.8.tgz 1690ms (cache miss)
543 timing reifyNode:node_modules/react-native-cli/node_modules/eyes Completed in 1771ms
544 http fetch GET 200 https://registry.npmjs.org/once/-/once-1.4.0.tgz 1662ms (cache miss)
545 timing reifyNode:node_modules/react-native-cli/node_modules/once Completed in 1773ms
546 http fetch GET 200 https://registry.npmjs.org/isarray/-/isarray-2.0.5.tgz 1614ms (cache miss)
547 timing reifyNode:node_modules/react-native-cli/node_modules/isarray Completed in 1785ms
548 http fetch GET 200 https://registry.npmjs.org/gopd/-/gopd-1.0.1.tgz 1668ms (cache miss)
549 timing reifyNode:node_modules/react-native-cli/node_modules/gopd Completed in 1788ms
550 timing reifyNode:node_modules/react-native-cli/node_modules/stop-iteration-iterator Completed in 1792ms
551 http fetch GET 200 https://registry.npmjs.org/supports-color/-/supports-color-2.0.0.tgz 1581ms (cache miss)
552 timing reifyNode:node_modules/react-native-cli/node_modules/supports-color Completed in 1798ms
553 http fetch GET 200 https://registry.npmjs.org/has-property-descriptors/-/has-property-descriptors-1.0.2.tgz 1680ms (cache miss)
554 timing reifyNode:node_modules/react-native-cli/node_modules/has-property-descriptors Completed in 1801ms
555 http fetch GET 200 https://registry.npmjs.org/balanced-match/-/balanced-match-1.0.2.tgz 1697ms (cache miss)
556 timing reifyNode:node_modules/react-native-cli/node_modules/balanced-match Completed in 1803ms
557 http fetch GET 200 https://registry.npmjs.org/es-define-property/-/es-define-property-1.0.0.tgz 1664ms (cache miss)
558 http fetch GET 200 https://registry.npmjs.org/mute-stream/-/mute-stream-0.0.8.tgz 1625ms (cache miss)
559 timing reifyNode:node_modules/react-native-cli/node_modules/mute-stream Completed in 1833ms
560 http fetch GET 200 https://registry.npmjs.org/fs.realpath/-/fs.realpath-1.0.0.tgz 1725ms (cache miss)
561 timing reifyNode:node_modules/react-native-cli/node_modules/fs.realpath Completed in 1841ms
562 http fetch GET 200 https://registry.npmjs.org/escape-string-regexp/-/escape-string-regexp-1.0.5.tgz 1616ms (cache miss)
563 timing reifyNode:node_modules/react-native-cli/node_modules/escape-string-regexp Completed in 1842ms
564 http fetch GET 200 https://registry.npmjs.org/strip-ansi/-/strip-ansi-3.0.1.tgz 1626ms (cache miss)
565 timing reifyNode:node_modules/react-native-cli/node_modules/strip-ansi Completed in 1844ms
566 http fetch GET 200 https://registry.npmjs.org/mkdirp/-/mkdirp-0.5.6.tgz 1683ms (cache miss)
567 timing reifyNode:node_modules/react-native-cli/node_modules/mkdirp Completed in 1885ms
568 http fetch GET 200 https://registry.npmjs.org/ansi-regex/-/ansi-regex-2.1.1.tgz 1669ms (cache miss)
569 timing reifyNode:node_modules/react-native-cli/node_modules/ansi-regex Completed in 1886ms
570 http fetch GET 200 https://registry.npmjs.org/ansi-styles/-/ansi-styles-2.2.1.tgz 1665ms (cache miss)
571 timing reifyNode:node_modules/react-native-cli/node_modules/ansi-styles Completed in 1885ms
572 http fetch GET 200 https://registry.npmjs.org/chalk/-/chalk-1.1.3.tgz 1655ms (cache miss)
573 timing reifyNode:node_modules/react-native-cli/node_modules/chalk Completed in 1886ms
574 http fetch GET 200 https://registry.npmjs.org/read/-/read-1.0.7.tgz 1674ms (cache miss)
575 timing reifyNode:node_modules/react-native-cli/node_modules/read Completed in 1887ms
576 timing reifyNode:node_modules/react-native-cli/node_modules/es-define-property Completed in 1896ms
577 http fetch GET 200 https://registry.npmjs.org/functions-have-names/-/functions-have-names-1.2.3.tgz 1805ms (cache miss)
578 timing reifyNode:node_modules/react-native-cli/node_modules/functions-have-names Completed in 1908ms
579 http fetch GET 200 https://registry.npmjs.org/hasown/-/hasown-2.0.2.tgz 1782ms (cache miss)
580 timing reifyNode:node_modules/react-native-cli/node_modules/hasown Completed in 1908ms
581 http fetch GET 200 https://registry.npmjs.org/pkginfo/-/pkginfo-0.4.1.tgz 1696ms (cache miss)
582 http fetch GET 200 https://registry.npmjs.org/is-weakmap/-/is-weakmap-2.0.2.tgz 1824ms (cache miss)
583 timing reifyNode:node_modules/react-native-cli/node_modules/is-weakmap Completed in 1917ms
584 http fetch GET 200 https://registry.npmjs.org/set-function-name/-/set-function-name-2.0.2.tgz 1799ms (cache miss)
585 timing reifyNode:node_modules/react-native-cli/node_modules/set-function-name Completed in 1917ms
586 http fetch GET 200 https://registry.npmjs.org/has-proto/-/has-proto-1.0.3.tgz 1789ms (cache miss)
587 timing reifyNode:node_modules/react-native-cli/node_modules/has-proto Completed in 1916ms
588 http fetch GET 200 https://registry.npmjs.org/available-typed-arrays/-/available-typed-arrays-1.0.7.tgz 1829ms (cache miss)
589 timing reifyNode:node_modules/react-native-cli/node_modules/available-typed-arrays Completed in 1919ms
590 http fetch GET 200 https://registry.npmjs.org/rimraf/-/rimraf-2.7.1.tgz 1690ms (cache miss)
591 warn deprecated rimraf@2.7.1: Rimraf versions prior to v4 are no longer supported
592 timing reifyNode:node_modules/react-native-cli/node_modules/rimraf Completed in 1929ms
593 http fetch GET 200 https://registry.npmjs.org/react-native-cli/-/react-native-cli-2.0.1.tgz 1699ms (cache miss)
594 timing reifyNode:node_modules/react-native-cli Completed in 1935ms
595 http fetch GET 200 https://registry.npmjs.org/object-keys/-/object-keys-1.1.1.tgz 1762ms (cache miss)
596 timing reifyNode:node_modules/react-native-cli/node_modules/object-keys Completed in 1930ms
597 http fetch GET 200 https://registry.npmjs.org/set-function-length/-/set-function-length-1.2.2.tgz 1793ms (cache miss)
598 timing reifyNode:node_modules/react-native-cli/node_modules/set-function-length Completed in 1945ms
599 http fetch GET 200 https://registry.npmjs.org/minimatch/-/minimatch-3.1.2.tgz 1834ms (cache miss)
600 timing reifyNode:node_modules/react-native-cli/node_modules/minimatch Completed in 1946ms
601 http fetch GET 200 https://registry.npmjs.org/is-weakset/-/is-weakset-2.0.3.tgz 1875ms (cache miss)
602 timing reifyNode:node_modules/react-native-cli/node_modules/is-weakset Completed in 1967ms
603 http fetch GET 200 https://registry.npmjs.org/array-buffer-byte-length/-/array-buffer-byte-length-1.0.1.tgz 1729ms (cache miss)
604 timing reifyNode:node_modules/react-native-cli/node_modules/pkginfo Completed in 1963ms
605 http fetch GET 200 https://registry.npmjs.org/is-boolean-object/-/is-boolean-object-1.1.2.tgz 1869ms (cache miss)
606 timing reifyNode:node_modules/react-native-cli/node_modules/is-boolean-object Completed in 1968ms
607 http fetch GET 200 https://registry.npmjs.org/is-string/-/is-string-1.0.7.tgz 1836ms (cache miss)
608 timing reifyNode:node_modules/react-native-cli/node_modules/is-string Completed in 1966ms
609 http fetch GET 200 https://registry.npmjs.org/is-array-buffer/-/is-array-buffer-3.0.4.tgz 1789ms (cache miss)
610 timing reifyNode:node_modules/react-native-cli/node_modules/is-array-buffer Completed in 1966ms
611 timing reifyNode:node_modules/react-native-cli/node_modules/array-buffer-byte-length Completed in 1966ms
612 http fetch GET 200 https://registry.npmjs.org/define-properties/-/define-properties-1.2.1.tgz 1857ms (cache miss)
613 timing reifyNode:node_modules/react-native-cli/node_modules/define-properties Completed in 1979ms
614 http fetch GET 200 https://registry.npmjs.org/is-bigint/-/is-bigint-1.0.4.tgz 1881ms (cache miss)
615 timing reifyNode:node_modules/react-native-cli/node_modules/is-bigint Completed in 1981ms
616 http fetch GET 200 https://registry.npmjs.org/internal-slot/-/internal-slot-1.0.7.tgz 1880ms (cache miss)
617 timing reifyNode:node_modules/react-native-cli/node_modules/internal-slot Completed in 1982ms
618 http fetch GET 200 https://registry.npmjs.org/which-boxed-primitive/-/which-boxed-primitive-1.0.2.tgz 1826ms (cache miss)
619 timing reifyNode:node_modules/react-native-cli/node_modules/which-boxed-primitive Completed in 1986ms
620 http fetch GET 200 https://registry.npmjs.org/es-errors/-/es-errors-1.3.0.tgz 1832ms (cache miss)
621 http fetch GET 200 https://registry.npmjs.org/is-set/-/is-set-2.0.3.tgz 1857ms (cache miss)
622 timing reifyNode:node_modules/react-native-cli/node_modules/is-set Completed in 1988ms
623 timing reifyNode:node_modules/react-native-cli/node_modules/es-errors Completed in 1992ms
624 http fetch GET 200 https://registry.npmjs.org/is-map/-/is-map-2.0.3.tgz 1850ms (cache miss)
625 timing reifyNode:node_modules/react-native-cli/node_modules/is-map Completed in 1996ms
626 http fetch GET 200 https://registry.npmjs.org/glob/-/glob-7.2.3.tgz 1880ms (cache miss)
627 warn deprecated glob@7.2.3: Glob versions prior to v9 are no longer supported
628 timing reifyNode:node_modules/react-native-cli/node_modules/glob Completed in 2001ms
629 http fetch GET 200 https://registry.npmjs.org/call-bind/-/call-bind-1.0.7.tgz 1772ms (cache miss)
630 timing reifyNode:node_modules/react-native-cli/node_modules/call-bind Completed in 2006ms
631 http fetch GET 200 https://registry.npmjs.org/is-arguments/-/is-arguments-1.1.1.tgz 1830ms (cache miss)
632 timing reifyNode:node_modules/react-native-cli/node_modules/is-arguments Completed in 2006ms
633 http fetch GET 200 https://registry.npmjs.org/side-channel/-/side-channel-1.0.6.tgz 1843ms (cache miss)
634 timing reifyNode:node_modules/react-native-cli/node_modules/side-channel Completed in 2008ms
635 http fetch GET 200 https://registry.npmjs.org/which-collection/-/which-collection-1.0.2.tgz 1852ms (cache miss)
636 timing reifyNode:node_modules/react-native-cli/node_modules/which-collection Completed in 2008ms
637 http fetch GET 200 https://registry.npmjs.org/define-data-property/-/define-data-property-1.1.4.tgz 1894ms (cache miss)
638 timing reifyNode:node_modules/react-native-cli/node_modules/define-data-property Completed in 2016ms
639 http fetch GET 200 https://registry.npmjs.org/is-regex/-/is-regex-1.1.4.tgz 1843ms (cache miss)
640 timing reifyNode:node_modules/react-native-cli/node_modules/is-regex Completed in 2015ms
641 http fetch GET 200 https://registry.npmjs.org/is-shared-array-buffer/-/is-shared-array-buffer-1.0.3.tgz 1842ms (cache miss)
642 timing reifyNode:node_modules/react-native-cli/node_modules/is-shared-array-buffer Completed in 2015ms
643 http fetch GET 200 https://registry.npmjs.org/ncp/-/ncp-0.4.2.tgz 1815ms (cache miss)
644 http fetch GET 200 https://registry.npmjs.org/has-symbols/-/has-symbols-1.0.3.tgz 1873ms (cache miss)
645 timing reifyNode:node_modules/react-native-cli/node_modules/has-symbols Completed in 2021ms
646 http fetch GET 200 https://registry.npmjs.org/is-date-object/-/is-date-object-1.0.5.tgz 1846ms (cache miss)
647 timing reifyNode:node_modules/react-native-cli/node_modules/is-date-object Completed in 2021ms
648 http fetch GET 200 https://registry.npmjs.org/get-intrinsic/-/get-intrinsic-1.2.4.tgz 1842ms (cache miss)
649 timing reifyNode:node_modules/react-native-cli/node_modules/get-intrinsic Completed in 2021ms
650 timing reifyNode:node_modules/react-native-cli/node_modules/ncp Completed in 2021ms
651 http fetch GET 200 https://registry.npmjs.org/function-bind/-/function-bind-1.1.2.tgz 1876ms (cache miss)
652 timing reifyNode:node_modules/react-native-cli/node_modules/function-bind Completed in 2028ms
653 http fetch GET 200 https://registry.npmjs.org/has-tostringtag/-/has-tostringtag-1.0.2.tgz 1905ms (cache miss)
654 timing reifyNode:node_modules/react-native-cli/node_modules/has-tostringtag Completed in 2029ms
655 http fetch GET 200 https://registry.npmjs.org/pkginfo/-/pkginfo-0.3.1.tgz 1818ms (cache miss)
656 timing reifyNode:node_modules/react-native-cli/node_modules/winston/node_modules/pkginfo Completed in 2027ms
657 http fetch GET 200 https://registry.npmjs.org/async/-/async-0.2.10.tgz 1826ms (cache miss)
658 timing reifyNode:node_modules/react-native-cli/node_modules/async Completed in 2032ms
659 http fetch GET 200 https://registry.npmjs.org/revalidator/-/revalidator-0.1.8.tgz 1820ms (cache miss)
660 timing reifyNode:node_modules/react-native-cli/node_modules/revalidator Completed in 2032ms
661 http fetch GET 200 https://registry.npmjs.org/semver/-/semver-5.7.2.tgz 1809ms (cache miss)
662 timing reifyNode:node_modules/react-native-cli/node_modules/semver Completed in 2032ms
663 http fetch GET 200 https://registry.npmjs.org/es-get-iterator/-/es-get-iterator-1.1.3.tgz 1834ms (cache miss)
664 timing reifyNode:node_modules/react-native-cli/node_modules/es-get-iterator Completed in 2034ms
665 http fetch GET 200 https://registry.npmjs.org/object-is/-/object-is-1.1.6.tgz 1871ms (cache miss)
666 timing reifyNode:node_modules/react-native-cli/node_modules/object-is Completed in 2040ms
667 http fetch GET 200 https://registry.npmjs.org/regexp.prototype.flags/-/regexp.prototype.flags-1.5.3.tgz 1888ms (cache miss)
668 timing reifyNode:node_modules/react-native-cli/node_modules/regexp.prototype.flags Completed in 2054ms
669 http fetch GET 200 https://registry.npmjs.org/which-typed-array/-/which-typed-array-1.1.15.tgz 1898ms (cache miss)
670 timing reifyNode:node_modules/react-native-cli/node_modules/which-typed-array Completed in 2055ms
671 http fetch GET 200 https://registry.npmjs.org/utile/-/utile-0.2.1.tgz 1844ms (cache miss)
672 http fetch GET 200 https://registry.npmjs.org/i/-/i-0.3.7.tgz 1852ms (cache miss)
673 timing reifyNode:node_modules/react-native-cli/node_modules/i Completed in 2057ms
674 http fetch GET 200 https://registry.npmjs.org/deep-equal/-/deep-equal-2.2.3.tgz 1861ms (cache miss)
675 timing reifyNode:node_modules/react-native-cli/node_modules/deep-equal Completed in 2064ms
676 timing reifyNode:node_modules/react-native-cli/node_modules/utile Completed in 2065ms
677 http fetch GET 200 https://registry.npmjs.org/object.assign/-/object.assign-4.1.5.tgz 1904ms (cache miss)
678 timing reifyNode:node_modules/react-native-cli/node_modules/object.assign Completed in 2071ms
679 http fetch GET 200 https://registry.npmjs.org/minimist/-/minimist-1.2.8.tgz 1844ms (cache miss)
680 timing reifyNode:node_modules/react-native-cli/node_modules/minimist Completed in 2071ms
681 http fetch GET 200 https://registry.npmjs.org/prompt/-/prompt-0.2.14.tgz 1853ms (cache miss)
682 timing reifyNode:node_modules/react-native-cli/node_modules/prompt Completed in 2080ms
683 http fetch GET 200 https://registry.npmjs.org/object-inspect/-/object-inspect-1.13.2.tgz 1985ms (cache miss)
684 timing reifyNode:node_modules/react-native-cli/node_modules/object-inspect Completed in 2087ms
685 http fetch GET 200 https://registry.npmjs.org/winston/-/winston-0.8.3.tgz 1908ms (cache miss)
686 timing reifyNode:node_modules/react-native-cli/node_modules/winston Completed in 2115ms
687 timing reify:unpack Completed in 2122ms
688 timing reify:unretire Completed in 0ms
689 timing build:queue Completed in 8ms
690 timing build:link:node_modules/react-native-cli/node_modules/mkdirp Completed in 4ms
691 timing build:link:node_modules/react-native-cli Completed in 5ms
692 timing build:link:node_modules/react-native-cli/node_modules/ncp Completed in 3ms
693 timing build:link:node_modules/react-native-cli/node_modules/semver Completed in 3ms
694 timing build:link:node_modules/react-native-cli/node_modules/rimraf Completed in 3ms
695 timing build:link Completed in 5ms
696 timing build:deps Completed in 13ms
697 timing build Completed in 13ms
698 timing reify:build Completed in 14ms
699 timing reify:trash Completed in 0ms
700 timing reify Completed in 5167ms
701 silly ADD node_modules/react-native-cli
702 silly ADD node_modules/react-native-cli/node_modules/stack-trace
703 silly ADD node_modules/react-native-cli/node_modules/isstream
704 silly ADD node_modules/react-native-cli/node_modules/eyes
705 silly ADD node_modules/react-native-cli/node_modules/cycle
706 silly ADD node_modules/react-native-cli/node_modules/colors
707 silly ADD node_modules/react-native-cli/node_modules/is-callable
708 silly ADD node_modules/react-native-cli/node_modules/possible-typed-array-names
709 silly ADD node_modules/react-native-cli/node_modules/for-each
710 silly ADD node_modules/react-native-cli/node_modules/available-typed-arrays
711 silly ADD node_modules/react-native-cli/node_modules/is-weakset
712 silly ADD node_modules/react-native-cli/node_modules/is-weakmap
713 silly ADD node_modules/react-native-cli/node_modules/has-bigints
714 silly ADD node_modules/react-native-cli/node_modules/is-symbol
715 silly ADD node_modules/react-native-cli/node_modules/is-number-object
716 silly ADD node_modules/react-native-cli/node_modules/is-boolean-object
717 silly ADD node_modules/react-native-cli/node_modules/is-bigint
718 silly ADD node_modules/react-native-cli/node_modules/internal-slot
719 silly ADD node_modules/react-native-cli/node_modules/object-inspect
720 silly ADD node_modules/react-native-cli/node_modules/functions-have-names
721 silly ADD node_modules/react-native-cli/node_modules/concat-map
722 silly ADD node_modules/react-native-cli/node_modules/balanced-match
723 silly ADD node_modules/react-native-cli/node_modules/brace-expansion
724 silly ADD node_modules/react-native-cli/node_modules/wrappy
725 silly ADD node_modules/react-native-cli/node_modules/path-is-absolute
726 silly ADD node_modules/react-native-cli/node_modules/once
727 silly ADD node_modules/react-native-cli/node_modules/minimatch
728 silly ADD node_modules/react-native-cli/node_modules/inherits
729 silly ADD node_modules/react-native-cli/node_modules/inflight
730 silly ADD node_modules/react-native-cli/node_modules/fs.realpath
731 silly ADD node_modules/react-native-cli/node_modules/glob
732 silly ADD node_modules/react-native-cli/node_modules/set-function-name
733 silly ADD node_modules/react-native-cli/node_modules/gopd
734 silly ADD node_modules/react-native-cli/node_modules/has-property-descriptors
735 silly ADD node_modules/react-native-cli/node_modules/define-data-property
736 silly ADD node_modules/react-native-cli/node_modules/define-properties
737 silly ADD node_modules/react-native-cli/node_modules/has-tostringtag
738 silly ADD node_modules/react-native-cli/node_modules/hasown
739 silly ADD node_modules/react-native-cli/node_modules/has-proto
740 silly ADD node_modules/react-native-cli/node_modules/stop-iteration-iterator
741 silly ADD node_modules/react-native-cli/node_modules/is-string
742 silly ADD node_modules/react-native-cli/node_modules/is-set
743 silly ADD node_modules/react-native-cli/node_modules/is-map
744 silly ADD node_modules/react-native-cli/node_modules/has-symbols
745 silly ADD node_modules/react-native-cli/node_modules/set-function-length
746 silly ADD node_modules/react-native-cli/node_modules/function-bind
747 silly ADD node_modules/react-native-cli/node_modules/es-errors
748 silly ADD node_modules/react-native-cli/node_modules/es-define-property
749 silly ADD node_modules/react-native-cli/node_modules/which-typed-array
750 silly ADD node_modules/react-native-cli/node_modules/which-collection
751 silly ADD node_modules/react-native-cli/node_modules/which-boxed-primitive
752 silly ADD node_modules/react-native-cli/node_modules/side-channel
753 silly ADD node_modules/react-native-cli/node_modules/regexp.prototype.flags
754 silly ADD node_modules/react-native-cli/node_modules/object.assign
755 silly ADD node_modules/react-native-cli/node_modules/object-keys
756 silly ADD node_modules/react-native-cli/node_modules/object-is
757 silly ADD node_modules/react-native-cli/node_modules/isarray
758 silly ADD node_modules/react-native-cli/node_modules/is-shared-array-buffer
759 silly ADD node_modules/react-native-cli/node_modules/is-regex
760 silly ADD node_modules/react-native-cli/node_modules/is-date-object
761 silly ADD node_modules/react-native-cli/node_modules/is-array-buffer
762 silly ADD node_modules/react-native-cli/node_modules/is-arguments
763 silly ADD node_modules/react-native-cli/node_modules/get-intrinsic
764 silly ADD node_modules/react-native-cli/node_modules/es-get-iterator
765 silly ADD node_modules/react-native-cli/node_modules/call-bind
766 silly ADD node_modules/react-native-cli/node_modules/array-buffer-byte-length
767 silly ADD node_modules/react-native-cli/node_modules/rimraf
768 silly ADD node_modules/react-native-cli/node_modules/ncp
769 silly ADD node_modules/react-native-cli/node_modules/mkdirp
770 silly ADD node_modules/react-native-cli/node_modules/i
771 silly ADD node_modules/react-native-cli/node_modules/deep-equal
772 silly ADD node_modules/react-native-cli/node_modules/async
773 silly ADD node_modules/react-native-cli/node_modules/mute-stream
774 silly ADD node_modules/react-native-cli/node_modules/winston
775 silly ADD node_modules/react-native-cli/node_modules/winston/node_modules/pkginfo
776 silly ADD node_modules/react-native-cli/node_modules/utile
777 silly ADD node_modules/react-native-cli/node_modules/revalidator
778 silly ADD node_modules/react-native-cli/node_modules/read
779 silly ADD node_modules/react-native-cli/node_modules/pkginfo
780 silly ADD node_modules/react-native-cli/node_modules/ansi-regex
781 silly ADD node_modules/react-native-cli/node_modules/supports-color
782 silly ADD node_modules/react-native-cli/node_modules/strip-ansi
783 silly ADD node_modules/react-native-cli/node_modules/has-ansi
784 silly ADD node_modules/react-native-cli/node_modules/escape-string-regexp
785 silly ADD node_modules/react-native-cli/node_modules/ansi-styles
786 silly ADD node_modules/react-native-cli/node_modules/semver
787 silly ADD node_modules/react-native-cli/node_modules/prompt
788 silly ADD node_modules/react-native-cli/node_modules/minimist
789 silly ADD node_modules/react-native-cli/node_modules/chalk
790 timing command:install Completed in 5181ms
791 notice
791 notice New [33mminor[39m version of npm available! [31m10.2.4[39m -> [32m10.9.0[39m
791 notice Changelog: [36mhttps://github.com/npm/cli/releases/tag/v10.9.0[39m
791 notice Run [32mnpm install -g npm@10.9.0[39m to update!
791 notice
792 verbose exit 0
793 timing npm Completed in 5776ms
794 info ok
