2024-10-23 00:33:40.012 [info] Log level: Info
2024-10-23 00:33:40.012 [info] Validating found git in: "git"
2024-10-23 00:33:40.012 [info] Using git "2.30.2" from "git"
2024-10-23 00:33:40.012 [info] > git rev-parse --show-toplevel [8ms]
2024-10-23 00:33:40.012 [info] fatal: not a git repository (or any parent up to mount point /)
Stopping at filesystem boundary (GIT_DISCOVERY_ACROSS_FILESYSTEM not set).
2024-10-23 00:33:40.012 [info] > git rev-parse --show-toplevel [3ms]
2024-10-23 00:33:40.012 [info] > git rev-parse --git-dir --git-common-dir [4ms]
2024-10-23 00:33:40.012 [info] Open repository: /home/itsupport/brain_training_app/backend
2024-10-23 00:33:40.012 [info] > git config --get commit.template [19ms]
2024-10-23 00:33:40.012 [info] No remotes found in the git config file.
2024-10-23 00:33:40.012 [info] > git rev-parse --show-toplevel [30ms]
2024-10-23 00:33:40.012 [info] fatal: not a git repository (or any parent up to mount point /)
Stopping at filesystem boundary (GIT_DISCOVERY_ACROSS_FILESYSTEM not set).
2024-10-23 00:33:40.012 [info] > git for-each-ref --format=%(refname)%00%(upstream:short)%00%(objectname)%00%(upstream:track)%00%(upstream:remotename)%00%(upstream:remoteref) refs/heads/master refs/remotes/master [10ms]
2024-10-23 00:33:40.043 [info] > git status -z -uall [33ms]
2024-10-23 00:33:40.593 [info] > git config --get commit.template [404ms]
2024-10-23 00:33:40.605 [info] > git rev-parse --show-toplevel [13ms]
2024-10-23 00:33:40.605 [info] fatal: not a git repository (or any parent up to mount point /)
Stopping at filesystem boundary (GIT_DISCOVERY_ACROSS_FILESYSTEM not set).
2024-10-23 00:33:40.620 [info] No remotes found in the git config file.
2024-10-23 00:33:40.622 [info] > git for-each-ref --format=%(refname)%00%(upstream:short)%00%(objectname)%00%(upstream:track)%00%(upstream:remotename)%00%(upstream:remoteref) refs/heads/master refs/remotes/master [2ms]
2024-10-23 00:33:40.647 [info] > git status -z -uall [15ms]
2024-10-23 00:33:40.749 [info] > git rev-parse --show-toplevel [9ms]
2024-10-23 00:33:40.749 [info] fatal: not a git repository (or any parent up to mount point /)
Stopping at filesystem boundary (GIT_DISCOVERY_ACROSS_FILESYSTEM not set).
2024-10-23 00:33:41.802 [info] > git check-ignore -v -z --stdin [4ms]
2024-10-23 00:33:41.875 [info] > git rev-parse --show-toplevel [4ms]
2024-10-23 00:33:41.875 [info] fatal: not a git repository (or any parent up to mount point /)
Stopping at filesystem boundary (GIT_DISCOVERY_ACROSS_FILESYSTEM not set).
2024-10-23 00:34:34.466 [info] > git rev-parse --show-toplevel [2ms]
2024-10-23 00:34:34.466 [info] fatal: not a git repository (or any parent up to mount point /)
Stopping at filesystem boundary (GIT_DISCOVERY_ACROSS_FILESYSTEM not set).
2024-10-23 00:34:35.130 [info] > git check-ignore -v -z --stdin [5ms]
2024-10-23 00:34:37.556 [info] > git check-ignore -v -z --stdin [3ms]
2024-10-23 00:34:48.658 [info] > git -c user.useConfigOnly=true commit --quiet --allow-empty-message --file - [13ms]
2024-10-23 00:34:48.658 [info] Author identity unknown

*** Please tell me who you are.

Run

  git config --global user.email "you@example.com"
  git config --global user.name "Your Name"

to set your account's default identity.
Omit --global to set the identity only in this repository.

fatal: no email was given and auto-detection is disabled
2024-10-23 00:34:48.682 [info] > git config --get-all user.name [1ms]
2024-10-23 00:34:48.731 [info] No remotes found in the git config file.
2024-10-23 00:34:48.732 [info] > git config --get commit.template [27ms]
2024-10-23 00:34:48.733 [info] > git for-each-ref --format=%(refname)%00%(upstream:short)%00%(objectname)%00%(upstream:track)%00%(upstream:remotename)%00%(upstream:remoteref) refs/heads/master refs/remotes/master [4ms]
2024-10-23 00:34:48.774 [info] > git status -z -uall [19ms]
2024-10-23 00:36:48.624 [info] > git check-ignore -v -z --stdin [4ms]
2024-10-23 00:36:51.130 [info] > git -c user.useConfigOnly=true commit --quiet --allow-empty-message --file - [34ms]
2024-10-23 00:36:51.150 [info] > git config --get commit.template [2ms]
2024-10-23 00:36:51.191 [info] No remotes found in the git config file.
2024-10-23 00:36:51.193 [info] > git config --get commit.template [20ms]
2024-10-23 00:36:51.194 [info] > git for-each-ref --format=%(refname)%00%(upstream:short)%00%(objectname)%00%(upstream:track)%00%(upstream:remotename)%00%(upstream:remoteref) refs/heads/master refs/remotes/master [3ms]
2024-10-23 00:36:51.224 [info] > git status -z -uall [13ms]
2024-10-23 00:36:54.157 [info] No remotes found in the git config file.
2024-10-23 00:36:54.158 [info] > git config --get commit.template [19ms]
2024-10-23 00:36:54.159 [info] > git for-each-ref --format=%(refname)%00%(upstream:short)%00%(objectname)%00%(upstream:track)%00%(upstream:remotename)%00%(upstream:remoteref) refs/heads/master refs/remotes/master [3ms]
2024-10-23 00:36:54.190 [info] > git status -z -uall [14ms]
2024-10-23 00:39:18.376 [info] > git remote add origin https://github.com/allyelvis/brainTrain.git [4ms]
2024-10-23 00:39:18.413 [info] > git config --get commit.template [19ms]
2024-10-23 00:39:18.413 [info] > git for-each-ref --format=%(refname)%00%(upstream:short)%00%(objectname)%00%(upstream:track)%00%(upstream:remotename)%00%(upstream:remoteref) refs/heads/master refs/remotes/master [3ms]
2024-10-23 00:39:18.443 [info] > git status -z -uall [13ms]
2024-10-23 00:39:21.515 [info] > git push -u origin master [3052ms]
2024-10-23 00:39:21.515 [info] To https://github.com/allyelvis/brainTrain.git
 * [new branch]      master -> master
2024-10-23 00:39:21.553 [info] > git config --get commit.template [19ms]
2024-10-23 00:39:21.554 [info] > git for-each-ref --format=%(refname)%00%(upstream:short)%00%(objectname)%00%(upstream:track)%00%(upstream:remotename)%00%(upstream:remoteref) refs/heads/master refs/remotes/master [3ms]
2024-10-23 00:39:21.584 [info] > git status -z -uall [13ms]
2024-10-23 00:39:22.848 [info] > git config --get commit.template [24ms]
2024-10-23 00:39:22.850 [info] > git for-each-ref --format=%(refname)%00%(upstream:short)%00%(objectname)%00%(upstream:track)%00%(upstream:remotename)%00%(upstream:remoteref) refs/heads/master refs/remotes/master [3ms]
2024-10-23 00:39:22.885 [info] > git status -z -uall [14ms]
2024-10-23 00:39:26.408 [info] > git rev-parse --show-toplevel [10ms]
2024-10-23 00:39:26.409 [info] fatal: not a git repository (or any parent up to mount point /)
Stopping at filesystem boundary (GIT_DISCOVERY_ACROSS_FILESYSTEM not set).
2024-10-23 00:39:27.013 [info] > git fetch [666ms]
2024-10-23 00:39:27.013 [info] Missing or invalid credentials.
Skip silent fetch commands
Missing or invalid credentials.
Skip silent fetch commands
remote: Repository not found.
fatal: Authentication failed for 'https://github.com/allyelvis/brainTrain.git/'
2024-10-23 00:39:27.087 [info] > git config --get commit.template [39ms]
2024-10-23 00:39:27.092 [info] > git for-each-ref --format=%(refname)%00%(upstream:short)%00%(objectname)%00%(upstream:track)%00%(upstream:remotename)%00%(upstream:remoteref) refs/heads/master refs/remotes/master [7ms]
2024-10-23 00:39:27.142 [info] > git status -z -uall [22ms]
2024-10-23 00:40:41.742 [info] > git check-ignore -v -z --stdin [5ms]
